{
  "stats": {
    "tests": 2,
    "passes": 2,
    "failures": 0,
    "duration": 18143,
    "start": "2020-02-26T02:12:33.727Z",
    "end": "2020-02-26T02:12:51.870Z"
  },
  "failures": [],
  "passes": [
    {
      "title": "should aggregate data properly when initial data is empty",
      "fullTitle": "test calculateCategoryData function should aggregate data properly when initial data is empty",
      "duration": 9439,
      "errorCount": 0
    },
    {
      "title": "should aggregate data properly when initial data is there",
      "fullTitle": "test calculateCategoryData function should aggregate data properly when initial data is there",
      "duration": 9439,
      "errorCount": 0
    }
  ],
  "skipped": []
}